2023-11-29 11:16:47 - INFO: Starting sweep at 2023-11-29 11:16:47.505867
2023-11-29 11:16:47 - INFO: Starting sweep for pump wls (1591, 1589)
2023-11-29 11:16:47 - INFO: Setting tisa and idler wl to 973.151485248205 and 973.9012608372692 nm
2023-11-29 11:17:29 - INFO: Starting pol opt...
2023-11-29 11:18:09 - INFO: Pol opt done!
2023-11-29 11:18:15 - INFO: CE after pol opt for pump wls (1591, 1589) is: 9.99
2023-11-29 11:18:15 - INFO: Starting sweep for pump wls (1591, 1589)...
2023-11-29 11:22:10 - INFO: Finished sweep for pump wls (1591, 1589) for sweep rep 0 out of 5
2023-11-29 11:26:40 - INFO: Finished sweep for pump wls (1591, 1589) for sweep rep 1 out of 5
2023-11-29 11:31:18 - INFO: Finished sweep for pump wls (1591, 1589) for sweep rep 2 out of 5
2023-11-29 11:35:48 - INFO: Finished sweep for pump wls (1591, 1589) for sweep rep 3 out of 5
2023-11-29 11:40:21 - INFO: Finished sweep for pump wls (1591, 1589) for sweep rep 4 out of 5
2023-11-29 11:40:21 - INFO: Starting sweep for pump wls (1592.5, 1587.5)
2023-11-29 11:40:21 - INFO: Setting tisa and idler wl to 972.5897193841712 and 974.4641629779278 nm
2023-11-29 11:40:35 - INFO: Starting pol opt...
2023-11-29 11:41:14 - INFO: Pol opt done!
2023-11-29 11:41:20 - INFO: CE after pol opt for pump wls (1592.5, 1587.5) is: 11.870000000000001
2023-11-29 11:41:20 - INFO: Starting sweep for pump wls (1592.5, 1587.5)...
2023-11-29 11:45:13 - INFO: Finished sweep for pump wls (1592.5, 1587.5) for sweep rep 0 out of 5
2023-11-29 11:49:37 - INFO: Finished sweep for pump wls (1592.5, 1587.5) for sweep rep 1 out of 5
2023-11-29 11:54:08 - INFO: Finished sweep for pump wls (1592.5, 1587.5) for sweep rep 2 out of 5
2023-11-29 12:00:19 - INFO: Finished sweep for pump wls (1592.5, 1587.5) for sweep rep 3 out of 5
2023-11-29 12:04:54 - INFO: Finished sweep for pump wls (1592.5, 1587.5) for sweep rep 4 out of 5
2023-11-29 12:04:54 - INFO: Starting sweep for pump wls (1595.0, 1585.0)
2023-11-29 12:04:54 - INFO: Setting tisa and idler wl to 971.6534429441151 and 975.4023548885126 nm
2023-11-29 12:05:04 - INFO: Starting pol opt...
2023-11-29 12:05:35 - INFO: Pol opt done!
2023-11-29 12:05:40 - INFO: CE after pol opt for pump wls (1595.0, 1585.0) is: 13.370000000000001
2023-11-29 12:05:40 - INFO: Starting sweep for pump wls (1595.0, 1585.0)...
2023-11-29 12:09:42 - INFO: Finished sweep for pump wls (1595.0, 1585.0) for sweep rep 0 out of 5
2023-11-29 12:14:20 - INFO: Finished sweep for pump wls (1595.0, 1585.0) for sweep rep 1 out of 5
2023-11-29 12:18:51 - INFO: Finished sweep for pump wls (1595.0, 1585.0) for sweep rep 2 out of 5
2023-11-29 12:23:27 - INFO: Finished sweep for pump wls (1595.0, 1585.0) for sweep rep 3 out of 5
2023-11-29 12:28:07 - INFO: Finished sweep for pump wls (1595.0, 1585.0) for sweep rep 4 out of 5
2023-11-29 12:28:07 - INFO: Starting sweep for pump wls (1597.5, 1582.5)
2023-11-29 12:28:07 - INFO: Setting tisa and idler wl to 970.7171665040589 and 976.3405891818121 nm
2023-11-29 12:28:24 - INFO: Starting pol opt...
2023-11-29 12:28:56 - INFO: Pol opt done!
2023-11-29 12:29:02 - INFO: CE after pol opt for pump wls (1597.5, 1582.5) is: 18.3
2023-11-29 12:29:02 - INFO: Starting sweep for pump wls (1597.5, 1582.5)...
2023-11-29 12:33:15 - INFO: Finished sweep for pump wls (1597.5, 1582.5) for sweep rep 0 out of 5
2023-11-29 12:37:57 - INFO: Finished sweep for pump wls (1597.5, 1582.5) for sweep rep 1 out of 5
2023-11-29 12:42:44 - INFO: Finished sweep for pump wls (1597.5, 1582.5) for sweep rep 2 out of 5
2023-11-29 12:48:03 - INFO: Finished sweep for pump wls (1597.5, 1582.5) for sweep rep 3 out of 5
2023-11-29 12:53:20 - INFO: Finished sweep for pump wls (1597.5, 1582.5) for sweep rep 4 out of 5
2023-11-29 12:53:20 - INFO: Starting sweep for pump wls (1600.0, 1580.0)
2023-11-29 12:53:20 - INFO: Setting tisa and idler wl to 969.7808900640028 and 977.2788836209542 nm
2023-11-29 12:53:54 - INFO: Starting pol opt...
2023-11-29 12:54:35 - INFO: Pol opt done!
2023-11-29 12:54:41 - INFO: CE after pol opt for pump wls (1600.0, 1580.0) is: 19.77
2023-11-29 12:54:41 - INFO: Starting sweep for pump wls (1600.0, 1580.0)...
2023-11-29 12:59:06 - INFO: Finished sweep for pump wls (1600.0, 1580.0) for sweep rep 0 out of 5
2023-11-29 13:05:00 - INFO: Finished sweep for pump wls (1600.0, 1580.0) for sweep rep 1 out of 5
2023-11-29 13:09:57 - INFO: Finished sweep for pump wls (1600.0, 1580.0) for sweep rep 2 out of 5
2023-11-29 13:14:53 - INFO: Finished sweep for pump wls (1600.0, 1580.0) for sweep rep 3 out of 5
2023-11-29 13:19:59 - INFO: Finished sweep for pump wls (1600.0, 1580.0) for sweep rep 4 out of 5
2023-11-29 13:19:59 - INFO: Starting sweep for pump wls (1602.5, 1577.5)
2023-11-29 13:19:59 - INFO: Setting tisa and idler wl to 968.8446136239467 and 978.2172561079238 nm
2023-11-29 13:20:17 - INFO: Starting pol opt...
2023-11-29 13:20:57 - INFO: Pol opt done!
2023-11-29 13:21:04 - INFO: CE after pol opt for pump wls (1602.5, 1577.5) is: 19.3
2023-11-29 13:21:04 - INFO: Starting sweep for pump wls (1602.5, 1577.5)...
2023-11-29 13:25:44 - INFO: Finished sweep for pump wls (1602.5, 1577.5) for sweep rep 0 out of 5
2023-11-29 13:30:50 - INFO: Finished sweep for pump wls (1602.5, 1577.5) for sweep rep 1 out of 5
2023-11-29 13:36:24 - INFO: Finished sweep for pump wls (1602.5, 1577.5) for sweep rep 2 out of 5
2023-11-29 13:41:36 - INFO: Finished sweep for pump wls (1602.5, 1577.5) for sweep rep 3 out of 5
2023-11-29 13:46:48 - INFO: Finished sweep for pump wls (1602.5, 1577.5) for sweep rep 4 out of 5
2023-11-29 13:46:48 - INFO: Starting sweep for pump wls (1605.0, 1575.0)
2023-11-29 13:46:48 - INFO: Setting tisa and idler wl to 967.9083371838906 and 979.1557246851406 nm
2023-11-29 13:47:23 - INFO: Starting pol opt...
2023-11-29 13:47:53 - INFO: Pol opt done!
2023-11-29 13:48:01 - INFO: CE after pol opt for pump wls (1605.0, 1575.0) is: 19.240000000000002
2023-11-29 13:48:01 - INFO: Starting sweep for pump wls (1605.0, 1575.0)...
2023-11-29 13:52:54 - INFO: Finished sweep for pump wls (1605.0, 1575.0) for sweep rep 0 out of 5
2023-11-29 13:58:17 - INFO: Finished sweep for pump wls (1605.0, 1575.0) for sweep rep 1 out of 5
2023-11-29 14:04:23 - INFO: Finished sweep for pump wls (1605.0, 1575.0) for sweep rep 2 out of 5
2023-11-29 14:09:48 - INFO: Finished sweep for pump wls (1605.0, 1575.0) for sweep rep 3 out of 5
2023-11-29 14:15:20 - INFO: Finished sweep for pump wls (1605.0, 1575.0) for sweep rep 4 out of 5
2023-11-29 14:15:20 - INFO: Starting sweep for pump wls (1607.5, 1572.5)
2023-11-29 14:15:20 - INFO: Setting tisa and idler wl to 966.9720607438344 and 980.0943075370644 nm
2023-11-29 14:15:39 - INFO: Starting pol opt...
2023-11-29 14:16:19 - INFO: Pol opt done!
2023-11-29 14:16:27 - INFO: CE after pol opt for pump wls (1607.5, 1572.5) is: 21.84
2023-11-29 14:16:27 - INFO: Starting sweep for pump wls (1607.5, 1572.5)...
2023-11-29 14:21:32 - INFO: Finished sweep for pump wls (1607.5, 1572.5) for sweep rep 0 out of 5
2023-11-29 14:27:09 - INFO: Finished sweep for pump wls (1607.5, 1572.5) for sweep rep 1 out of 5
2023-11-29 14:32:56 - INFO: Finished sweep for pump wls (1607.5, 1572.5) for sweep rep 2 out of 5
2023-11-29 14:38:34 - INFO: Finished sweep for pump wls (1607.5, 1572.5) for sweep rep 3 out of 5
2023-11-29 14:44:23 - INFO: Finished sweep for pump wls (1607.5, 1572.5) for sweep rep 4 out of 5
2023-11-29 14:44:23 - INFO: Starting sweep for pump wls (1610.0, 1570.0)
2023-11-29 14:44:23 - INFO: Setting tisa and idler wl to 966.0357843037783 and 981.0330229918158 nm
2023-11-29 14:44:37 - INFO: Starting pol opt...
2023-11-29 14:45:07 - INFO: Pol opt done!
2023-11-29 14:45:16 - INFO: CE after pol opt for pump wls (1610.0, 1570.0) is: 25.259999999999998
2023-11-29 14:45:16 - INFO: Starting sweep for pump wls (1610.0, 1570.0)...
2023-11-29 14:50:34 - INFO: Finished sweep for pump wls (1610.0, 1570.0) for sweep rep 0 out of 5
2023-11-29 14:56:49 - INFO: Finished sweep for pump wls (1610.0, 1570.0) for sweep rep 1 out of 5
2023-11-29 15:02:57 - INFO: Finished sweep for pump wls (1610.0, 1570.0) for sweep rep 2 out of 5
2023-11-29 15:08:46 - INFO: Finished sweep for pump wls (1610.0, 1570.0) for sweep rep 3 out of 5
2023-11-29 15:15:07 - INFO: Finished sweep for pump wls (1610.0, 1570.0) for sweep rep 4 out of 5
